Started GET "/" for ::1 at 2018-08-07 14:08:13 -0400
Processing by Rails::WelcomeController#index as HTML
  Parameters: {"internal"=>true}
  Rendering /Users/grahamspencer/.rbenv/versions/2.5.1/lib/ruby/gems/2.5.0/gems/railties-5.0.1/lib/rails/templates/rails/welcome/index.html.erb
  Rendered /Users/grahamspencer/.rbenv/versions/2.5.1/lib/ruby/gems/2.5.0/gems/railties-5.0.1/lib/rails/templates/rails/welcome/index.html.erb (3.9ms)
Completed 200 OK in 19ms (Views: 14.5ms | ActiveRecord: 0.0ms)


Started GET "/pictures" for ::1 at 2018-08-07 14:08:26 -0400
  
ActionController::RoutingError (No route matches [GET] "/pictures"):
  

  Rendering /Users/grahamspencer/.rbenv/versions/2.5.1/lib/ruby/gems/2.5.0/gems/actionpack-5.0.1/lib/action_dispatch/middleware/templates/rescues/routing_error.html.erb within rescues/layout
  Rendering /Users/grahamspencer/.rbenv/versions/2.5.1/lib/ruby/gems/2.5.0/gems/actionpack-5.0.1/lib/action_dispatch/middleware/templates/rescues/_trace.html.erb
  Rendered /Users/grahamspencer/.rbenv/versions/2.5.1/lib/ruby/gems/2.5.0/gems/actionpack-5.0.1/lib/action_dispatch/middleware/templates/rescues/_trace.html.erb (0.8ms)
  Rendered /Users/grahamspencer/.rbenv/versions/2.5.1/lib/ruby/gems/2.5.0/gems/actionpack-5.0.1/lib/action_dispatch/middleware/templates/routes/_table.html.erb (7.4ms)
  Rendering /Users/grahamspencer/.rbenv/versions/2.5.1/lib/ruby/gems/2.5.0/gems/actionpack-5.0.1/lib/action_dispatch/middleware/templates/rescues/_request_and_response.html.erb
  Rendered /Users/grahamspencer/.rbenv/versions/2.5.1/lib/ruby/gems/2.5.0/gems/actionpack-5.0.1/lib/action_dispatch/middleware/templates/rescues/_request_and_response.html.erb (8.1ms)
  Rendered /Users/grahamspencer/.rbenv/versions/2.5.1/lib/ruby/gems/2.5.0/gems/actionpack-5.0.1/lib/action_dispatch/middleware/templates/rescues/routing_error.html.erb within rescues/layout (126.0ms)
DEPRECATION WARNING: Accessing mime types via constants is deprecated. Please change `Mime::HTML` to `Mime[:html]`. (called from acceptable_content_type? at /Users/grahamspencer/.rbenv/versions/2.5.1/lib/ruby/gems/2.5.0/gems/web-console-2.3.0/lib/web_console/middleware.rb:58)
  Rendering /Users/grahamspencer/.rbenv/versions/2.5.1/lib/ruby/gems/2.5.0/gems/web-console-2.3.0/lib/web_console/templates/index.html.erb
  Rendered /Users/grahamspencer/.rbenv/versions/2.5.1/lib/ruby/gems/2.5.0/gems/web-console-2.3.0/lib/web_console/templates/_markup.html.erb (0.3ms)
  Rendering /Users/grahamspencer/.rbenv/versions/2.5.1/lib/ruby/gems/2.5.0/gems/web-console-2.3.0/lib/web_console/templates/console.js.erb within layouts/javascript
  Rendering /Users/grahamspencer/.rbenv/versions/2.5.1/lib/ruby/gems/2.5.0/gems/web-console-2.3.0/lib/web_console/templates/_inner_console_markup.html.erb within layouts/inlined_string
  Rendered /Users/grahamspencer/.rbenv/versions/2.5.1/lib/ruby/gems/2.5.0/gems/web-console-2.3.0/lib/web_console/templates/_inner_console_markup.html.erb within layouts/inlined_string (0.4ms)
  Rendering /Users/grahamspencer/.rbenv/versions/2.5.1/lib/ruby/gems/2.5.0/gems/web-console-2.3.0/lib/web_console/templates/_prompt_box_markup.html.erb within layouts/inlined_string
  Rendered /Users/grahamspencer/.rbenv/versions/2.5.1/lib/ruby/gems/2.5.0/gems/web-console-2.3.0/lib/web_console/templates/_prompt_box_markup.html.erb within layouts/inlined_string (0.6ms)
  Rendering /Users/grahamspencer/.rbenv/versions/2.5.1/lib/ruby/gems/2.5.0/gems/web-console-2.3.0/lib/web_console/templates/style.css.erb within layouts/inlined_string
  Rendered /Users/grahamspencer/.rbenv/versions/2.5.1/lib/ruby/gems/2.5.0/gems/web-console-2.3.0/lib/web_console/templates/style.css.erb within layouts/inlined_string (0.3ms)
DEPRECATION WARNING: Accessing mime types via constants is deprecated. Please change `Mime::WEB_CONSOLE_V2` to `Mime[:web_console_v2]`. (called from ___sers_grahamspencer__rbenv_versions_______lib_ruby_gems_______gems_web_console_______lib_web_console_templates_console_js_erb___223265879401665735_70203006537900 at /Users/grahamspencer/.rbenv/versions/2.5.1/lib/ruby/gems/2.5.0/gems/web-console-2.3.0/lib/web_console/templates/console.js.erb:491)
  Rendered /Users/grahamspencer/.rbenv/versions/2.5.1/lib/ruby/gems/2.5.0/gems/web-console-2.3.0/lib/web_console/templates/console.js.erb within layouts/javascript (109.9ms)
  Rendering /Users/grahamspencer/.rbenv/versions/2.5.1/lib/ruby/gems/2.5.0/gems/web-console-2.3.0/lib/web_console/templates/main.js.erb within layouts/javascript
  Rendered /Users/grahamspencer/.rbenv/versions/2.5.1/lib/ruby/gems/2.5.0/gems/web-console-2.3.0/lib/web_console/templates/main.js.erb within layouts/javascript (0.3ms)
  Rendering /Users/grahamspencer/.rbenv/versions/2.5.1/lib/ruby/gems/2.5.0/gems/web-console-2.3.0/lib/web_console/templates/error_page.js.erb within layouts/javascript
  Rendered /Users/grahamspencer/.rbenv/versions/2.5.1/lib/ruby/gems/2.5.0/gems/web-console-2.3.0/lib/web_console/templates/error_page.js.erb within layouts/javascript (0.4ms)
  Rendered /Users/grahamspencer/.rbenv/versions/2.5.1/lib/ruby/gems/2.5.0/gems/web-console-2.3.0/lib/web_console/templates/index.html.erb (241.4ms)
Started GET "/" for ::1 at 2018-08-07 14:09:27 -0400
Processing by Rails::WelcomeController#index as HTML
  Parameters: {"internal"=>true}
  Rendering /Users/grahamspencer/.rbenv/versions/2.5.1/lib/ruby/gems/2.5.0/gems/railties-5.0.1/lib/rails/templates/rails/welcome/index.html.erb
  Rendered /Users/grahamspencer/.rbenv/versions/2.5.1/lib/ruby/gems/2.5.0/gems/railties-5.0.1/lib/rails/templates/rails/welcome/index.html.erb (1.6ms)
Completed 200 OK in 7ms (Views: 4.3ms | ActiveRecord: 0.0ms)


Started GET "/pictures" for ::1 at 2018-08-07 14:09:28 -0400
  
ActionController::RoutingError (uninitialized constant PicturesController):
  
activesupport (5.0.1) lib/active_support/inflector/methods.rb:268:in `const_get'
activesupport (5.0.1) lib/active_support/inflector/methods.rb:268:in `block in constantize'
activesupport (5.0.1) lib/active_support/inflector/methods.rb:266:in `each'
activesupport (5.0.1) lib/active_support/inflector/methods.rb:266:in `inject'
activesupport (5.0.1) lib/active_support/inflector/methods.rb:266:in `constantize'
actionpack (5.0.1) lib/action_dispatch/http/request.rb:81:in `controller_class'
actionpack (5.0.1) lib/action_dispatch/routing/route_set.rb:44:in `controller'
actionpack (5.0.1) lib/action_dispatch/routing/route_set.rb:30:in `serve'
actionpack (5.0.1) lib/action_dispatch/journey/router.rb:39:in `block in serve'
actionpack (5.0.1) lib/action_dispatch/journey/router.rb:26:in `each'
actionpack (5.0.1) lib/action_dispatch/journey/router.rb:26:in `serve'
actionpack (5.0.1) lib/action_dispatch/routing/route_set.rb:725:in `call'
rack (2.0.1) lib/rack/etag.rb:25:in `call'
rack (2.0.1) lib/rack/conditional_get.rb:25:in `call'
rack (2.0.1) lib/rack/head.rb:12:in `call'
rack (2.0.1) lib/rack/session/abstract/id.rb:222:in `context'
rack (2.0.1) lib/rack/session/abstract/id.rb:216:in `call'
actionpack (5.0.1) lib/action_dispatch/middleware/cookies.rb:613:in `call'
activerecord (5.0.1) lib/active_record/migration.rb:553:in `call'
actionpack (5.0.1) lib/action_dispatch/middleware/callbacks.rb:38:in `block in call'
activesupport (5.0.1) lib/active_support/callbacks.rb:97:in `__run_callbacks__'
activesupport (5.0.1) lib/active_support/callbacks.rb:750:in `_run_call_callbacks'
activesupport (5.0.1) lib/active_support/callbacks.rb:90:in `run_callbacks'
actionpack (5.0.1) lib/action_dispatch/middleware/callbacks.rb:36:in `call'
actionpack (5.0.1) lib/action_dispatch/middleware/executor.rb:12:in `call'
actionpack (5.0.1) lib/action_dispatch/middleware/remote_ip.rb:79:in `call'
actionpack (5.0.1) lib/action_dispatch/middleware/debug_exceptions.rb:49:in `call'
web-console (2.3.0) lib/web_console/middleware.rb:28:in `block in call'
web-console (2.3.0) lib/web_console/middleware.rb:18:in `catch'
web-console (2.3.0) lib/web_console/middleware.rb:18:in `call'
actionpack (5.0.1) lib/action_dispatch/middleware/show_exceptions.rb:31:in `call'
railties (5.0.1) lib/rails/rack/logger.rb:36:in `call_app'
railties (5.0.1) lib/rails/rack/logger.rb:24:in `block in call'
activesupport (5.0.1) lib/active_support/tagged_logging.rb:69:in `block in tagged'
activesupport (5.0.1) lib/active_support/tagged_logging.rb:26:in `tagged'
activesupport (5.0.1) lib/active_support/tagged_logging.rb:69:in `tagged'
railties (5.0.1) lib/rails/rack/logger.rb:24:in `call'
sprockets-rails (3.2.0) lib/sprockets/rails/quiet_assets.rb:13:in `call'
actionpack (5.0.1) lib/action_dispatch/middleware/request_id.rb:24:in `call'
rack (2.0.1) lib/rack/method_override.rb:22:in `call'
rack (2.0.1) lib/rack/runtime.rb:22:in `call'
activesupport (5.0.1) lib/active_support/cache/strategy/local_cache_middleware.rb:28:in `call'
actionpack (5.0.1) lib/action_dispatch/middleware/executor.rb:12:in `call'
actionpack (5.0.1) lib/action_dispatch/middleware/static.rb:136:in `call'
rack (2.0.1) lib/rack/sendfile.rb:111:in `call'
railties (5.0.1) lib/rails/engine.rb:522:in `call'
rack (2.0.1) lib/rack/handler/webrick.rb:86:in `service'
/Users/grahamspencer/.rbenv/versions/2.5.1/lib/ruby/2.5.0/webrick/httpserver.rb:140:in `service'
/Users/grahamspencer/.rbenv/versions/2.5.1/lib/ruby/2.5.0/webrick/httpserver.rb:96:in `run'
/Users/grahamspencer/.rbenv/versions/2.5.1/lib/ruby/2.5.0/webrick/server.rb:307:in `block in start_thread'
  Rendering /Users/grahamspencer/.rbenv/versions/2.5.1/lib/ruby/gems/2.5.0/gems/actionpack-5.0.1/lib/action_dispatch/middleware/templates/rescues/routing_error.html.erb within rescues/layout
  Rendering /Users/grahamspencer/.rbenv/versions/2.5.1/lib/ruby/gems/2.5.0/gems/actionpack-5.0.1/lib/action_dispatch/middleware/templates/rescues/_trace.html.erb
  Rendered /Users/grahamspencer/.rbenv/versions/2.5.1/lib/ruby/gems/2.5.0/gems/actionpack-5.0.1/lib/action_dispatch/middleware/templates/rescues/_trace.html.erb (1.2ms)
  Rendered collection of /Users/grahamspencer/.rbenv/versions/2.5.1/lib/ruby/gems/2.5.0/gems/actionpack-5.0.1/lib/action_dispatch/middleware/templates/routes/_route.html.erb [1 times] (1.0ms)
  Rendered /Users/grahamspencer/.rbenv/versions/2.5.1/lib/ruby/gems/2.5.0/gems/actionpack-5.0.1/lib/action_dispatch/middleware/templates/routes/_table.html.erb (0.8ms)
  Rendering /Users/grahamspencer/.rbenv/versions/2.5.1/lib/ruby/gems/2.5.0/gems/actionpack-5.0.1/lib/action_dispatch/middleware/templates/rescues/_request_and_response.html.erb
  Rendered /Users/grahamspencer/.rbenv/versions/2.5.1/lib/ruby/gems/2.5.0/gems/actionpack-5.0.1/lib/action_dispatch/middleware/templates/rescues/_request_and_response.html.erb (0.6ms)
  Rendered /Users/grahamspencer/.rbenv/versions/2.5.1/lib/ruby/gems/2.5.0/gems/actionpack-5.0.1/lib/action_dispatch/middleware/templates/rescues/routing_error.html.erb within rescues/layout (128.5ms)
DEPRECATION WARNING: Accessing mime types via constants is deprecated. Please change `Mime::HTML` to `Mime[:html]`. (called from acceptable_content_type? at /Users/grahamspencer/.rbenv/versions/2.5.1/lib/ruby/gems/2.5.0/gems/web-console-2.3.0/lib/web_console/middleware.rb:58)
  Rendering /Users/grahamspencer/.rbenv/versions/2.5.1/lib/ruby/gems/2.5.0/gems/web-console-2.3.0/lib/web_console/templates/index.html.erb
  Rendered /Users/grahamspencer/.rbenv/versions/2.5.1/lib/ruby/gems/2.5.0/gems/web-console-2.3.0/lib/web_console/templates/_markup.html.erb (0.4ms)
  Rendering /Users/grahamspencer/.rbenv/versions/2.5.1/lib/ruby/gems/2.5.0/gems/web-console-2.3.0/lib/web_console/templates/console.js.erb within layouts/javascript
  Rendering /Users/grahamspencer/.rbenv/versions/2.5.1/lib/ruby/gems/2.5.0/gems/web-console-2.3.0/lib/web_console/templates/_inner_console_markup.html.erb within layouts/inlined_string
  Rendered /Users/grahamspencer/.rbenv/versions/2.5.1/lib/ruby/gems/2.5.0/gems/web-console-2.3.0/lib/web_console/templates/_inner_console_markup.html.erb within layouts/inlined_string (0.3ms)
  Rendering /Users/grahamspencer/.rbenv/versions/2.5.1/lib/ruby/gems/2.5.0/gems/web-console-2.3.0/lib/web_console/templates/_prompt_box_markup.html.erb within layouts/inlined_string
  Rendered /Users/grahamspencer/.rbenv/versions/2.5.1/lib/ruby/gems/2.5.0/gems/web-console-2.3.0/lib/web_console/templates/_prompt_box_markup.html.erb within layouts/inlined_string (0.3ms)
  Rendering /Users/grahamspencer/.rbenv/versions/2.5.1/lib/ruby/gems/2.5.0/gems/web-console-2.3.0/lib/web_console/templates/style.css.erb within layouts/inlined_string
  Rendered /Users/grahamspencer/.rbenv/versions/2.5.1/lib/ruby/gems/2.5.0/gems/web-console-2.3.0/lib/web_console/templates/style.css.erb within layouts/inlined_string (0.3ms)
DEPRECATION WARNING: Accessing mime types via constants is deprecated. Please change `Mime::WEB_CONSOLE_V2` to `Mime[:web_console_v2]`. (called from ___sers_grahamspencer__rbenv_versions_______lib_ruby_gems_______gems_web_console_______lib_web_console_templates_console_js_erb___223265879401665735_70203001362660 at /Users/grahamspencer/.rbenv/versions/2.5.1/lib/ruby/gems/2.5.0/gems/web-console-2.3.0/lib/web_console/templates/console.js.erb:491)
  Rendered /Users/grahamspencer/.rbenv/versions/2.5.1/lib/ruby/gems/2.5.0/gems/web-console-2.3.0/lib/web_console/templates/console.js.erb within layouts/javascript (88.0ms)
  Rendering /Users/grahamspencer/.rbenv/versions/2.5.1/lib/ruby/gems/2.5.0/gems/web-console-2.3.0/lib/web_console/templates/main.js.erb within layouts/javascript
  Rendered /Users/grahamspencer/.rbenv/versions/2.5.1/lib/ruby/gems/2.5.0/gems/web-console-2.3.0/lib/web_console/templates/main.js.erb within layouts/javascript (0.3ms)
  Rendering /Users/grahamspencer/.rbenv/versions/2.5.1/lib/ruby/gems/2.5.0/gems/web-console-2.3.0/lib/web_console/templates/error_page.js.erb within layouts/javascript
  Rendered /Users/grahamspencer/.rbenv/versions/2.5.1/lib/ruby/gems/2.5.0/gems/web-console-2.3.0/lib/web_console/templates/error_page.js.erb within layouts/javascript (0.3ms)
  Rendered /Users/grahamspencer/.rbenv/versions/2.5.1/lib/ruby/gems/2.5.0/gems/web-console-2.3.0/lib/web_console/templates/index.html.erb (200.1ms)
Started GET "/pictures" for ::1 at 2018-08-07 14:24:15 -0400
Processing by PicturesController#index as HTML
  Rendering pictures/index.html.erb within layouts/application
  Rendered pictures/index.html.erb within layouts/application (1.0ms)
Completed 200 OK in 395ms (Views: 393.0ms | ActiveRecord: 0.0ms)


  [1m[35m (2.3ms)[0m  [1m[35mCREATE TABLE "schema_migrations" ("version" varchar NOT NULL PRIMARY KEY)[0m
  [1m[35m (1.3ms)[0m  [1m[35mCREATE TABLE "ar_internal_metadata" ("key" varchar NOT NULL PRIMARY KEY, "value" varchar, "created_at" datetime NOT NULL, "updated_at" datetime NOT NULL)[0m
  [1m[36mActiveRecord::SchemaMigration Load (0.1ms)[0m  [1m[34mSELECT "schema_migrations".* FROM "schema_migrations"[0m
Migrating to CreatePictures (20180807183228)
  [1m[35m (0.1ms)[0m  [1m[36mbegin transaction[0m
  [1m[35m (0.4ms)[0m  [1m[35mCREATE TABLE "pictures" ("id" INTEGER PRIMARY KEY AUTOINCREMENT NOT NULL, "artist" varchar, "title" varchar, "url" varchar, "created_at" datetime NOT NULL, "updated_at" datetime NOT NULL)[0m
  [1m[35mSQL (0.2ms)[0m  [1m[32mINSERT INTO "schema_migrations" ("version") VALUES (?)[0m  [["version", "20180807183228"]]
  [1m[35m (0.9ms)[0m  [1m[36mcommit transaction[0m
  [1m[36mActiveRecord::InternalMetadata Load (0.2ms)[0m  [1m[34mSELECT  "ar_internal_metadata".* FROM "ar_internal_metadata" WHERE "ar_internal_metadata"."key" = ? LIMIT ?[0m  [["key", :environment], ["LIMIT", 1]]
  [1m[35m (0.0ms)[0m  [1m[36mbegin transaction[0m
  [1m[35mSQL (0.6ms)[0m  [1m[32mINSERT INTO "ar_internal_metadata" ("key", "value", "created_at", "updated_at") VALUES (?, ?, ?, ?)[0m  [["key", "environment"], ["value", "development"], ["created_at", 2018-08-07 18:38:00 UTC], ["updated_at", 2018-08-07 18:38:00 UTC]]
  [1m[35m (0.8ms)[0m  [1m[36mcommit transaction[0m
  [1m[36mActiveRecord::SchemaMigration Load (0.1ms)[0m  [1m[34mSELECT "schema_migrations".* FROM "schema_migrations"[0m
  [1m[36mActiveRecord::SchemaMigration Load (0.1ms)[0m  [1m[34mSELECT "schema_migrations".* FROM "schema_migrations"[0m
  [1m[35m (0.0ms)[0m  [1m[36mbegin transaction[0m
  [1m[35mSQL (0.4ms)[0m  [1m[32mINSERT INTO "pictures" ("artist", "title", "url", "created_at", "updated_at") VALUES (?, ?, ?, ?, ?)[0m  [["artist", "Sergey Ershov"], ["title", "The old church on the coast of White sea"], ["url", "http://bitmakerlabs.s3.amazonaws.com/photogur/house.jpg"], ["created_at", 2018-08-07 18:40:32 UTC], ["updated_at", 2018-08-07 18:40:32 UTC]]
  [1m[35m (2.2ms)[0m  [1m[36mcommit transaction[0m
  [1m[35m (0.0ms)[0m  [1m[36mbegin transaction[0m
  [1m[35mSQL (0.3ms)[0m  [1m[32mINSERT INTO "pictures" ("artist", "title", "url", "created_at", "updated_at") VALUES (?, ?, ?, ?, ?)[0m  [["artist", "Stephen Scullion"], ["title", "Sea Power"], ["url", "http://bitmakerlabs.s3.amazonaws.com/photogur/wave.jpg"], ["created_at", 2018-08-07 18:40:32 UTC], ["updated_at", 2018-08-07 18:40:32 UTC]]
  [1m[35m (0.9ms)[0m  [1m[36mcommit transaction[0m
  [1m[35m (0.1ms)[0m  [1m[36mbegin transaction[0m
  [1m[35mSQL (0.4ms)[0m  [1m[32mINSERT INTO "pictures" ("artist", "title", "url", "created_at", "updated_at") VALUES (?, ?, ?, ?, ?)[0m  [["artist", "John Wilhelm"], ["title", "Into the Poppies"], ["url", "http://bitmakerlabs.s3.amazonaws.com/photogur/girl.jpg"], ["created_at", 2018-08-07 18:40:32 UTC], ["updated_at", 2018-08-07 18:40:32 UTC]]
  [1m[35m (0.7ms)[0m  [1m[36mcommit transaction[0m
  [1m[36mPicture Load (1.2ms)[0m  [1m[34mSELECT "pictures".* FROM "pictures"[0m
Started GET "/pictures" for ::1 at 2018-08-07 14:49:07 -0400
  [1m[36mActiveRecord::SchemaMigration Load (0.1ms)[0m  [1m[34mSELECT "schema_migrations".* FROM "schema_migrations"[0m
Processing by PicturesController#index as HTML
  Rendering pictures/index.html.erb within layouts/application
  [1m[36mPicture Load (0.1ms)[0m  [1m[34mSELECT "pictures".* FROM "pictures"[0m
  Rendered pictures/index.html.erb within layouts/application (6.1ms)
Completed 200 OK in 179ms (Views: 172.2ms | ActiveRecord: 0.5ms)


Started GET "/pictures" for ::1 at 2018-08-07 14:49:42 -0400
Processing by PicturesController#index as HTML
  Rendering pictures/index.html.erb within layouts/application
  [1m[36mPicture Load (0.3ms)[0m  [1m[34mSELECT "pictures".* FROM "pictures"[0m
  Rendered pictures/index.html.erb within layouts/application (1.4ms)
Completed 200 OK in 29ms (Views: 26.7ms | ActiveRecord: 0.3ms)


Started GET "/pictures" for ::1 at 2018-08-07 14:50:08 -0400
Processing by PicturesController#index as HTML
  Rendering pictures/index.html.erb within layouts/application
  [1m[36mPicture Load (0.1ms)[0m  [1m[34mSELECT "pictures".* FROM "pictures"[0m
  Rendered pictures/index.html.erb within layouts/application (1.0ms)
Completed 200 OK in 16ms (Views: 13.5ms | ActiveRecord: 0.1ms)


Started GET "/pictures/1" for ::1 at 2018-08-07 15:04:17 -0400
  [1m[36mActiveRecord::SchemaMigration Load (0.1ms)[0m  [1m[34mSELECT "schema_migrations".* FROM "schema_migrations"[0m
Processing by PicturesController#show as HTML
  Parameters: {"id"=>"1"}
  [1m[36mPicture Load (0.1ms)[0m  [1m[34mSELECT  "pictures".* FROM "pictures" WHERE "pictures"."id" = ? LIMIT ?[0m  [["id", 1], ["LIMIT", 1]]
  Rendering pictures/show.html.erb within layouts/application
  Rendered pictures/show.html.erb within layouts/application (1.2ms)
Completed 200 OK in 190ms (Views: 174.9ms | ActiveRecord: 0.5ms)


Started GET "/pictures/2" for ::1 at 2018-08-07 15:04:19 -0400
Processing by PicturesController#show as HTML
  Parameters: {"id"=>"2"}
  [1m[36mPicture Load (0.1ms)[0m  [1m[34mSELECT  "pictures".* FROM "pictures" WHERE "pictures"."id" = ? LIMIT ?[0m  [["id", 2], ["LIMIT", 1]]
  Rendering pictures/show.html.erb within layouts/application
  Rendered pictures/show.html.erb within layouts/application (0.4ms)
Completed 200 OK in 25ms (Views: 23.4ms | ActiveRecord: 0.1ms)


Started GET "/pictures/3" for ::1 at 2018-08-07 15:04:22 -0400
Processing by PicturesController#show as HTML
  Parameters: {"id"=>"3"}
  [1m[36mPicture Load (0.1ms)[0m  [1m[34mSELECT  "pictures".* FROM "pictures" WHERE "pictures"."id" = ? LIMIT ?[0m  [["id", 3], ["LIMIT", 1]]
  Rendering pictures/show.html.erb within layouts/application
  Rendered pictures/show.html.erb within layouts/application (0.4ms)
Completed 200 OK in 14ms (Views: 11.4ms | ActiveRecord: 0.1ms)


Started GET "/pictures/3" for ::1 at 2018-08-07 15:04:31 -0400
Processing by PicturesController#show as HTML
  Parameters: {"id"=>"3"}
  [1m[36mPicture Load (0.1ms)[0m  [1m[34mSELECT  "pictures".* FROM "pictures" WHERE "pictures"."id" = ? LIMIT ?[0m  [["id", 3], ["LIMIT", 1]]
  Rendering pictures/show.html.erb within layouts/application
  Rendered pictures/show.html.erb within layouts/application (0.4ms)
Completed 200 OK in 15ms (Views: 12.9ms | ActiveRecord: 0.1ms)


Started GET "/pictures/5" for ::1 at 2018-08-07 15:04:34 -0400
Processing by PicturesController#show as HTML
  Parameters: {"id"=>"5"}
  [1m[36mPicture Load (0.1ms)[0m  [1m[34mSELECT  "pictures".* FROM "pictures" WHERE "pictures"."id" = ? LIMIT ?[0m  [["id", 5], ["LIMIT", 1]]
Completed 404 Not Found in 1ms (ActiveRecord: 0.1ms)


  
ActiveRecord::RecordNotFound (Couldn't find Picture with 'id'=5):
  

  Rendering /Users/grahamspencer/.rbenv/versions/2.5.1/lib/ruby/gems/2.5.0/gems/actionpack-5.0.1/lib/action_dispatch/middleware/templates/rescues/diagnostics.html.erb within rescues/layout
  Rendering /Users/grahamspencer/.rbenv/versions/2.5.1/lib/ruby/gems/2.5.0/gems/actionpack-5.0.1/lib/action_dispatch/middleware/templates/rescues/_source.html.erb
  Rendered /Users/grahamspencer/.rbenv/versions/2.5.1/lib/ruby/gems/2.5.0/gems/actionpack-5.0.1/lib/action_dispatch/middleware/templates/rescues/_source.html.erb (0.6ms)
  Rendering /Users/grahamspencer/.rbenv/versions/2.5.1/lib/ruby/gems/2.5.0/gems/actionpack-5.0.1/lib/action_dispatch/middleware/templates/rescues/_trace.html.erb
  Rendered /Users/grahamspencer/.rbenv/versions/2.5.1/lib/ruby/gems/2.5.0/gems/actionpack-5.0.1/lib/action_dispatch/middleware/templates/rescues/_trace.html.erb (0.6ms)
  Rendering /Users/grahamspencer/.rbenv/versions/2.5.1/lib/ruby/gems/2.5.0/gems/actionpack-5.0.1/lib/action_dispatch/middleware/templates/rescues/_request_and_response.html.erb
  Rendered /Users/grahamspencer/.rbenv/versions/2.5.1/lib/ruby/gems/2.5.0/gems/actionpack-5.0.1/lib/action_dispatch/middleware/templates/rescues/_request_and_response.html.erb (0.8ms)
  Rendered /Users/grahamspencer/.rbenv/versions/2.5.1/lib/ruby/gems/2.5.0/gems/actionpack-5.0.1/lib/action_dispatch/middleware/templates/rescues/diagnostics.html.erb within rescues/layout (105.3ms)
DEPRECATION WARNING: Accessing mime types via constants is deprecated. Please change `Mime::HTML` to `Mime[:html]`. (called from acceptable_content_type? at /Users/grahamspencer/.rbenv/versions/2.5.1/lib/ruby/gems/2.5.0/gems/web-console-2.3.0/lib/web_console/middleware.rb:58)
  Rendering /Users/grahamspencer/.rbenv/versions/2.5.1/lib/ruby/gems/2.5.0/gems/web-console-2.3.0/lib/web_console/templates/index.html.erb
  Rendered /Users/grahamspencer/.rbenv/versions/2.5.1/lib/ruby/gems/2.5.0/gems/web-console-2.3.0/lib/web_console/templates/_markup.html.erb (0.3ms)
  Rendering /Users/grahamspencer/.rbenv/versions/2.5.1/lib/ruby/gems/2.5.0/gems/web-console-2.3.0/lib/web_console/templates/console.js.erb within layouts/javascript
  Rendering /Users/grahamspencer/.rbenv/versions/2.5.1/lib/ruby/gems/2.5.0/gems/web-console-2.3.0/lib/web_console/templates/_inner_console_markup.html.erb within layouts/inlined_string
  Rendered /Users/grahamspencer/.rbenv/versions/2.5.1/lib/ruby/gems/2.5.0/gems/web-console-2.3.0/lib/web_console/templates/_inner_console_markup.html.erb within layouts/inlined_string (0.3ms)
  Rendering /Users/grahamspencer/.rbenv/versions/2.5.1/lib/ruby/gems/2.5.0/gems/web-console-2.3.0/lib/web_console/templates/_prompt_box_markup.html.erb within layouts/inlined_string
  Rendered /Users/grahamspencer/.rbenv/versions/2.5.1/lib/ruby/gems/2.5.0/gems/web-console-2.3.0/lib/web_console/templates/_prompt_box_markup.html.erb within layouts/inlined_string (0.3ms)
  Rendering /Users/grahamspencer/.rbenv/versions/2.5.1/lib/ruby/gems/2.5.0/gems/web-console-2.3.0/lib/web_console/templates/style.css.erb within layouts/inlined_string
  Rendered /Users/grahamspencer/.rbenv/versions/2.5.1/lib/ruby/gems/2.5.0/gems/web-console-2.3.0/lib/web_console/templates/style.css.erb within layouts/inlined_string (0.3ms)
DEPRECATION WARNING: Accessing mime types via constants is deprecated. Please change `Mime::WEB_CONSOLE_V2` to `Mime[:web_console_v2]`. (called from ___sers_grahamspencer__rbenv_versions_______lib_ruby_gems_______gems_web_console_______lib_web_console_templates_console_js_erb___867801613208571441_70182979871940 at /Users/grahamspencer/.rbenv/versions/2.5.1/lib/ruby/gems/2.5.0/gems/web-console-2.3.0/lib/web_console/templates/console.js.erb:491)
  Rendered /Users/grahamspencer/.rbenv/versions/2.5.1/lib/ruby/gems/2.5.0/gems/web-console-2.3.0/lib/web_console/templates/console.js.erb within layouts/javascript (101.7ms)
  Rendering /Users/grahamspencer/.rbenv/versions/2.5.1/lib/ruby/gems/2.5.0/gems/web-console-2.3.0/lib/web_console/templates/main.js.erb within layouts/javascript
  Rendered /Users/grahamspencer/.rbenv/versions/2.5.1/lib/ruby/gems/2.5.0/gems/web-console-2.3.0/lib/web_console/templates/main.js.erb within layouts/javascript (0.3ms)
  Rendering /Users/grahamspencer/.rbenv/versions/2.5.1/lib/ruby/gems/2.5.0/gems/web-console-2.3.0/lib/web_console/templates/error_page.js.erb within layouts/javascript
  Rendered /Users/grahamspencer/.rbenv/versions/2.5.1/lib/ruby/gems/2.5.0/gems/web-console-2.3.0/lib/web_console/templates/error_page.js.erb within layouts/javascript (0.3ms)
  Rendered /Users/grahamspencer/.rbenv/versions/2.5.1/lib/ruby/gems/2.5.0/gems/web-console-2.3.0/lib/web_console/templates/index.html.erb (225.9ms)
Started GET "/pictures/2" for ::1 at 2018-08-07 15:04:37 -0400
Processing by PicturesController#show as HTML
  Parameters: {"id"=>"2"}
  [1m[36mPicture Load (0.1ms)[0m  [1m[34mSELECT  "pictures".* FROM "pictures" WHERE "pictures"."id" = ? LIMIT ?[0m  [["id", 2], ["LIMIT", 1]]
  Rendering pictures/show.html.erb within layouts/application
  Rendered pictures/show.html.erb within layouts/application (0.4ms)
Completed 200 OK in 15ms (Views: 12.7ms | ActiveRecord: 0.1ms)


Started GET "/pictures/1" for ::1 at 2018-08-07 15:04:39 -0400
Processing by PicturesController#show as HTML
  Parameters: {"id"=>"1"}
  [1m[36mPicture Load (0.1ms)[0m  [1m[34mSELECT  "pictures".* FROM "pictures" WHERE "pictures"."id" = ? LIMIT ?[0m  [["id", 1], ["LIMIT", 1]]
  Rendering pictures/show.html.erb within layouts/application
  Rendered pictures/show.html.erb within layouts/application (0.4ms)
Completed 200 OK in 13ms (Views: 10.8ms | ActiveRecord: 0.1ms)


Started GET "/pictures/new" for ::1 at 2018-08-07 15:22:58 -0400
  [1m[36mActiveRecord::SchemaMigration Load (0.1ms)[0m  [1m[34mSELECT "schema_migrations".* FROM "schema_migrations"[0m
Processing by PicturesController#new as HTML
  Rendering pictures/new.html.erb within layouts/application
  Rendered pictures/new.html.erb within layouts/application (26.7ms)
Completed 200 OK in 211ms (Views: 201.3ms | ActiveRecord: 0.6ms)


Started GET "/pictures/new" for ::1 at 2018-08-07 15:30:58 -0400
  [1m[36mActiveRecord::SchemaMigration Load (0.1ms)[0m  [1m[34mSELECT "schema_migrations".* FROM "schema_migrations"[0m
Processing by PicturesController#new as HTML
  Rendering pictures/new.html.erb within layouts/application
  Rendered pictures/new.html.erb within layouts/application (28.1ms)
Completed 200 OK in 223ms (Views: 216.3ms | ActiveRecord: 0.4ms)


Started GET "/pictures/new" for ::1 at 2018-08-07 15:33:19 -0400
Processing by PicturesController#new as HTML
  Rendering pictures/new.html.erb within layouts/application
  Rendered pictures/new.html.erb within layouts/application (1.9ms)
Completed 200 OK in 25ms (Views: 18.4ms | ActiveRecord: 0.6ms)


Started POST "/pictures" for ::1 at 2018-08-07 15:33:28 -0400
Processing by PicturesController#create as HTML
  Parameters: {"utf8"=>"✓", "authenticity_token"=>"DooYgrmOU2gV/l8Uf3UTlkJclVG7OZvUCdyVGXbeeY6+fbMvMJuA4xe5lkKFDyhJOMZTNdUjJ5EkU8KmAgVD3Q==", "picture"=>{"artist"=>"Test1", "title"=>"Test1", "url"=>"Test1.com"}, "commit"=>"Save"}
DEPRECATION WARNING: `render :text` is deprecated because it does not actually render a `text/plain` response. Switch to `render plain: 'plain text'` to render as `text/plain`, `render html: '<strong>HTML</strong>'` to render as `text/html`, or `render body: 'raw'` to match the deprecated behavior and render with the default Content-Type, which is `text/html`. (called from create at /Users/grahamspencer/Documents/Bitmaker/day21/photogur/app/controllers/pictures_controller.rb:16)
  Rendering text template
  Rendered text template (0.0ms)
Completed 200 OK in 4ms (Views: 3.0ms | ActiveRecord: 0.0ms)


Started GET "/pictures/new" for ::1 at 2018-08-07 15:37:35 -0400
  [1m[36mActiveRecord::SchemaMigration Load (0.2ms)[0m  [1m[34mSELECT "schema_migrations".* FROM "schema_migrations"[0m
Processing by PicturesController#new as HTML
  Rendering pictures/new.html.erb within layouts/application
  Rendered pictures/new.html.erb within layouts/application (28.1ms)
Completed 200 OK in 205ms (Views: 197.6ms | ActiveRecord: 0.4ms)


Started POST "/pictures" for ::1 at 2018-08-07 15:37:50 -0400
Processing by PicturesController#create as HTML
  Parameters: {"utf8"=>"✓", "authenticity_token"=>"y06Sod94UnuG37+lkTRNJ4h2bO614TjcfhBy0twpe9h7uTkMVm2B8ISYdvNrTnb48uyqitv7hJlTnyVtqPJBiw==", "picture"=>{"artist"=>"Van Gogh", "title"=>"untitled", "url"=>"www.gogh.com"}, "commit"=>"Save"}
Completed 500 Internal Server Error in 2ms (ActiveRecord: 0.0ms)


  
NoMethodError (undefined method `url=' for nil:NilClass):
  

  Rendering /Users/grahamspencer/.rbenv/versions/2.5.1/lib/ruby/gems/2.5.0/gems/actionpack-5.0.1/lib/action_dispatch/middleware/templates/rescues/diagnostics.html.erb within rescues/layout
  Rendering /Users/grahamspencer/.rbenv/versions/2.5.1/lib/ruby/gems/2.5.0/gems/actionpack-5.0.1/lib/action_dispatch/middleware/templates/rescues/_source.html.erb
  Rendered /Users/grahamspencer/.rbenv/versions/2.5.1/lib/ruby/gems/2.5.0/gems/actionpack-5.0.1/lib/action_dispatch/middleware/templates/rescues/_source.html.erb (0.5ms)
  Rendering /Users/grahamspencer/.rbenv/versions/2.5.1/lib/ruby/gems/2.5.0/gems/actionpack-5.0.1/lib/action_dispatch/middleware/templates/rescues/_trace.html.erb
  Rendered /Users/grahamspencer/.rbenv/versions/2.5.1/lib/ruby/gems/2.5.0/gems/actionpack-5.0.1/lib/action_dispatch/middleware/templates/rescues/_trace.html.erb (0.7ms)
  Rendering /Users/grahamspencer/.rbenv/versions/2.5.1/lib/ruby/gems/2.5.0/gems/actionpack-5.0.1/lib/action_dispatch/middleware/templates/rescues/_request_and_response.html.erb
  Rendered /Users/grahamspencer/.rbenv/versions/2.5.1/lib/ruby/gems/2.5.0/gems/actionpack-5.0.1/lib/action_dispatch/middleware/templates/rescues/_request_and_response.html.erb (0.8ms)
  Rendered /Users/grahamspencer/.rbenv/versions/2.5.1/lib/ruby/gems/2.5.0/gems/actionpack-5.0.1/lib/action_dispatch/middleware/templates/rescues/diagnostics.html.erb within rescues/layout (108.6ms)
DEPRECATION WARNING: Accessing mime types via constants is deprecated. Please change `Mime::HTML` to `Mime[:html]`. (called from acceptable_content_type? at /Users/grahamspencer/.rbenv/versions/2.5.1/lib/ruby/gems/2.5.0/gems/web-console-2.3.0/lib/web_console/middleware.rb:58)
  Rendering /Users/grahamspencer/.rbenv/versions/2.5.1/lib/ruby/gems/2.5.0/gems/web-console-2.3.0/lib/web_console/templates/index.html.erb
  Rendered /Users/grahamspencer/.rbenv/versions/2.5.1/lib/ruby/gems/2.5.0/gems/web-console-2.3.0/lib/web_console/templates/_markup.html.erb (0.7ms)
  Rendering /Users/grahamspencer/.rbenv/versions/2.5.1/lib/ruby/gems/2.5.0/gems/web-console-2.3.0/lib/web_console/templates/console.js.erb within layouts/javascript
  Rendering /Users/grahamspencer/.rbenv/versions/2.5.1/lib/ruby/gems/2.5.0/gems/web-console-2.3.0/lib/web_console/templates/_inner_console_markup.html.erb within layouts/inlined_string
  Rendered /Users/grahamspencer/.rbenv/versions/2.5.1/lib/ruby/gems/2.5.0/gems/web-console-2.3.0/lib/web_console/templates/_inner_console_markup.html.erb within layouts/inlined_string (0.3ms)
  Rendering /Users/grahamspencer/.rbenv/versions/2.5.1/lib/ruby/gems/2.5.0/gems/web-console-2.3.0/lib/web_console/templates/_prompt_box_markup.html.erb within layouts/inlined_string
  Rendered /Users/grahamspencer/.rbenv/versions/2.5.1/lib/ruby/gems/2.5.0/gems/web-console-2.3.0/lib/web_console/templates/_prompt_box_markup.html.erb within layouts/inlined_string (0.3ms)
  Rendering /Users/grahamspencer/.rbenv/versions/2.5.1/lib/ruby/gems/2.5.0/gems/web-console-2.3.0/lib/web_console/templates/style.css.erb within layouts/inlined_string
  Rendered /Users/grahamspencer/.rbenv/versions/2.5.1/lib/ruby/gems/2.5.0/gems/web-console-2.3.0/lib/web_console/templates/style.css.erb within layouts/inlined_string (0.3ms)
DEPRECATION WARNING: Accessing mime types via constants is deprecated. Please change `Mime::WEB_CONSOLE_V2` to `Mime[:web_console_v2]`. (called from ___sers_grahamspencer__rbenv_versions_______lib_ruby_gems_______gems_web_console_______lib_web_console_templates_console_js_erb__871405468876161147_70237431736860 at /Users/grahamspencer/.rbenv/versions/2.5.1/lib/ruby/gems/2.5.0/gems/web-console-2.3.0/lib/web_console/templates/console.js.erb:491)
  Rendered /Users/grahamspencer/.rbenv/versions/2.5.1/lib/ruby/gems/2.5.0/gems/web-console-2.3.0/lib/web_console/templates/console.js.erb within layouts/javascript (97.6ms)
  Rendering /Users/grahamspencer/.rbenv/versions/2.5.1/lib/ruby/gems/2.5.0/gems/web-console-2.3.0/lib/web_console/templates/main.js.erb within layouts/javascript
  Rendered /Users/grahamspencer/.rbenv/versions/2.5.1/lib/ruby/gems/2.5.0/gems/web-console-2.3.0/lib/web_console/templates/main.js.erb within layouts/javascript (0.3ms)
  Rendering /Users/grahamspencer/.rbenv/versions/2.5.1/lib/ruby/gems/2.5.0/gems/web-console-2.3.0/lib/web_console/templates/error_page.js.erb within layouts/javascript
  Rendered /Users/grahamspencer/.rbenv/versions/2.5.1/lib/ruby/gems/2.5.0/gems/web-console-2.3.0/lib/web_console/templates/error_page.js.erb within layouts/javascript (0.3ms)
  Rendered /Users/grahamspencer/.rbenv/versions/2.5.1/lib/ruby/gems/2.5.0/gems/web-console-2.3.0/lib/web_console/templates/index.html.erb (221.7ms)
Started POST "/pictures" for ::1 at 2018-08-07 15:39:00 -0400
Processing by PicturesController#create as HTML
  Parameters: {"utf8"=>"✓", "authenticity_token"=>"y06Sod94UnuG37+lkTRNJ4h2bO614TjcfhBy0twpe9h7uTkMVm2B8ISYdvNrTnb48uyqitv7hJlTnyVtqPJBiw==", "picture"=>{"artist"=>"Van Gogh", "title"=>"untitled", "url"=>"https://upload.wikimedia.org/wikipedia/commons/thumb/e/ea/Van_Gogh_-_Starry_Night_-_Google_Art_Project.jpg/1280px-Van_Gogh_-_Starry_Night_-_Google_Art_Project.jpg"}, "commit"=>"Save"}
Completed 500 Internal Server Error in 1ms (ActiveRecord: 0.0ms)


  
NoMethodError (undefined method `url=' for nil:NilClass):
  

  Rendering /Users/grahamspencer/.rbenv/versions/2.5.1/lib/ruby/gems/2.5.0/gems/actionpack-5.0.1/lib/action_dispatch/middleware/templates/rescues/diagnostics.html.erb within rescues/layout
  Rendering /Users/grahamspencer/.rbenv/versions/2.5.1/lib/ruby/gems/2.5.0/gems/actionpack-5.0.1/lib/action_dispatch/middleware/templates/rescues/_source.html.erb
  Rendered /Users/grahamspencer/.rbenv/versions/2.5.1/lib/ruby/gems/2.5.0/gems/actionpack-5.0.1/lib/action_dispatch/middleware/templates/rescues/_source.html.erb (0.5ms)
  Rendering /Users/grahamspencer/.rbenv/versions/2.5.1/lib/ruby/gems/2.5.0/gems/actionpack-5.0.1/lib/action_dispatch/middleware/templates/rescues/_trace.html.erb
  Rendered /Users/grahamspencer/.rbenv/versions/2.5.1/lib/ruby/gems/2.5.0/gems/actionpack-5.0.1/lib/action_dispatch/middleware/templates/rescues/_trace.html.erb (0.7ms)
  Rendering /Users/grahamspencer/.rbenv/versions/2.5.1/lib/ruby/gems/2.5.0/gems/actionpack-5.0.1/lib/action_dispatch/middleware/templates/rescues/_request_and_response.html.erb
  Rendered /Users/grahamspencer/.rbenv/versions/2.5.1/lib/ruby/gems/2.5.0/gems/actionpack-5.0.1/lib/action_dispatch/middleware/templates/rescues/_request_and_response.html.erb (0.9ms)
  Rendered /Users/grahamspencer/.rbenv/versions/2.5.1/lib/ruby/gems/2.5.0/gems/actionpack-5.0.1/lib/action_dispatch/middleware/templates/rescues/diagnostics.html.erb within rescues/layout (95.8ms)
DEPRECATION WARNING: Accessing mime types via constants is deprecated. Please change `Mime::HTML` to `Mime[:html]`. (called from acceptable_content_type? at /Users/grahamspencer/.rbenv/versions/2.5.1/lib/ruby/gems/2.5.0/gems/web-console-2.3.0/lib/web_console/middleware.rb:58)
  Rendering /Users/grahamspencer/.rbenv/versions/2.5.1/lib/ruby/gems/2.5.0/gems/web-console-2.3.0/lib/web_console/templates/index.html.erb
  Rendered /Users/grahamspencer/.rbenv/versions/2.5.1/lib/ruby/gems/2.5.0/gems/web-console-2.3.0/lib/web_console/templates/_markup.html.erb (0.3ms)
  Rendering /Users/grahamspencer/.rbenv/versions/2.5.1/lib/ruby/gems/2.5.0/gems/web-console-2.3.0/lib/web_console/templates/console.js.erb within layouts/javascript
  Rendering /Users/grahamspencer/.rbenv/versions/2.5.1/lib/ruby/gems/2.5.0/gems/web-console-2.3.0/lib/web_console/templates/_inner_console_markup.html.erb within layouts/inlined_string
  Rendered /Users/grahamspencer/.rbenv/versions/2.5.1/lib/ruby/gems/2.5.0/gems/web-console-2.3.0/lib/web_console/templates/_inner_console_markup.html.erb within layouts/inlined_string (0.3ms)
  Rendering /Users/grahamspencer/.rbenv/versions/2.5.1/lib/ruby/gems/2.5.0/gems/web-console-2.3.0/lib/web_console/templates/_prompt_box_markup.html.erb within layouts/inlined_string
  Rendered /Users/grahamspencer/.rbenv/versions/2.5.1/lib/ruby/gems/2.5.0/gems/web-console-2.3.0/lib/web_console/templates/_prompt_box_markup.html.erb within layouts/inlined_string (0.3ms)
  Rendering /Users/grahamspencer/.rbenv/versions/2.5.1/lib/ruby/gems/2.5.0/gems/web-console-2.3.0/lib/web_console/templates/style.css.erb within layouts/inlined_string
  Rendered /Users/grahamspencer/.rbenv/versions/2.5.1/lib/ruby/gems/2.5.0/gems/web-console-2.3.0/lib/web_console/templates/style.css.erb within layouts/inlined_string (0.3ms)
DEPRECATION WARNING: Accessing mime types via constants is deprecated. Please change `Mime::WEB_CONSOLE_V2` to `Mime[:web_console_v2]`. (called from ___sers_grahamspencer__rbenv_versions_______lib_ruby_gems_______gems_web_console_______lib_web_console_templates_console_js_erb__871405468876161147_70237465260520 at /Users/grahamspencer/.rbenv/versions/2.5.1/lib/ruby/gems/2.5.0/gems/web-console-2.3.0/lib/web_console/templates/console.js.erb:491)
  Rendered /Users/grahamspencer/.rbenv/versions/2.5.1/lib/ruby/gems/2.5.0/gems/web-console-2.3.0/lib/web_console/templates/console.js.erb within layouts/javascript (88.4ms)
  Rendering /Users/grahamspencer/.rbenv/versions/2.5.1/lib/ruby/gems/2.5.0/gems/web-console-2.3.0/lib/web_console/templates/main.js.erb within layouts/javascript
  Rendered /Users/grahamspencer/.rbenv/versions/2.5.1/lib/ruby/gems/2.5.0/gems/web-console-2.3.0/lib/web_console/templates/main.js.erb within layouts/javascript (0.3ms)
  Rendering /Users/grahamspencer/.rbenv/versions/2.5.1/lib/ruby/gems/2.5.0/gems/web-console-2.3.0/lib/web_console/templates/error_page.js.erb within layouts/javascript
  Rendered /Users/grahamspencer/.rbenv/versions/2.5.1/lib/ruby/gems/2.5.0/gems/web-console-2.3.0/lib/web_console/templates/error_page.js.erb within layouts/javascript (0.4ms)
  Rendered /Users/grahamspencer/.rbenv/versions/2.5.1/lib/ruby/gems/2.5.0/gems/web-console-2.3.0/lib/web_console/templates/index.html.erb (211.1ms)
Started POST "/pictures" for ::1 at 2018-08-07 15:39:48 -0400
Processing by PicturesController#create as HTML
  Parameters: {"utf8"=>"✓", "authenticity_token"=>"y06Sod94UnuG37+lkTRNJ4h2bO614TjcfhBy0twpe9h7uTkMVm2B8ISYdvNrTnb48uyqitv7hJlTnyVtqPJBiw==", "picture"=>{"artist"=>"Van Gogh", "title"=>"untitled", "url"=>"test"}, "commit"=>"Save"}
Completed 500 Internal Server Error in 2ms (ActiveRecord: 0.0ms)


  
NoMethodError (undefined method `url=' for nil:NilClass):
  

  Rendering /Users/grahamspencer/.rbenv/versions/2.5.1/lib/ruby/gems/2.5.0/gems/actionpack-5.0.1/lib/action_dispatch/middleware/templates/rescues/diagnostics.html.erb within rescues/layout
  Rendering /Users/grahamspencer/.rbenv/versions/2.5.1/lib/ruby/gems/2.5.0/gems/actionpack-5.0.1/lib/action_dispatch/middleware/templates/rescues/_source.html.erb
  Rendered /Users/grahamspencer/.rbenv/versions/2.5.1/lib/ruby/gems/2.5.0/gems/actionpack-5.0.1/lib/action_dispatch/middleware/templates/rescues/_source.html.erb (0.6ms)
  Rendering /Users/grahamspencer/.rbenv/versions/2.5.1/lib/ruby/gems/2.5.0/gems/actionpack-5.0.1/lib/action_dispatch/middleware/templates/rescues/_trace.html.erb
  Rendered /Users/grahamspencer/.rbenv/versions/2.5.1/lib/ruby/gems/2.5.0/gems/actionpack-5.0.1/lib/action_dispatch/middleware/templates/rescues/_trace.html.erb (0.7ms)
  Rendering /Users/grahamspencer/.rbenv/versions/2.5.1/lib/ruby/gems/2.5.0/gems/actionpack-5.0.1/lib/action_dispatch/middleware/templates/rescues/_request_and_response.html.erb
  Rendered /Users/grahamspencer/.rbenv/versions/2.5.1/lib/ruby/gems/2.5.0/gems/actionpack-5.0.1/lib/action_dispatch/middleware/templates/rescues/_request_and_response.html.erb (0.7ms)
  Rendered /Users/grahamspencer/.rbenv/versions/2.5.1/lib/ruby/gems/2.5.0/gems/actionpack-5.0.1/lib/action_dispatch/middleware/templates/rescues/diagnostics.html.erb within rescues/layout (95.0ms)
DEPRECATION WARNING: Accessing mime types via constants is deprecated. Please change `Mime::HTML` to `Mime[:html]`. (called from acceptable_content_type? at /Users/grahamspencer/.rbenv/versions/2.5.1/lib/ruby/gems/2.5.0/gems/web-console-2.3.0/lib/web_console/middleware.rb:58)
  Rendering /Users/grahamspencer/.rbenv/versions/2.5.1/lib/ruby/gems/2.5.0/gems/web-console-2.3.0/lib/web_console/templates/index.html.erb
  Rendered /Users/grahamspencer/.rbenv/versions/2.5.1/lib/ruby/gems/2.5.0/gems/web-console-2.3.0/lib/web_console/templates/_markup.html.erb (0.3ms)
  Rendering /Users/grahamspencer/.rbenv/versions/2.5.1/lib/ruby/gems/2.5.0/gems/web-console-2.3.0/lib/web_console/templates/console.js.erb within layouts/javascript
  Rendering /Users/grahamspencer/.rbenv/versions/2.5.1/lib/ruby/gems/2.5.0/gems/web-console-2.3.0/lib/web_console/templates/_inner_console_markup.html.erb within layouts/inlined_string
  Rendered /Users/grahamspencer/.rbenv/versions/2.5.1/lib/ruby/gems/2.5.0/gems/web-console-2.3.0/lib/web_console/templates/_inner_console_markup.html.erb within layouts/inlined_string (0.3ms)
  Rendering /Users/grahamspencer/.rbenv/versions/2.5.1/lib/ruby/gems/2.5.0/gems/web-console-2.3.0/lib/web_console/templates/_prompt_box_markup.html.erb within layouts/inlined_string
  Rendered /Users/grahamspencer/.rbenv/versions/2.5.1/lib/ruby/gems/2.5.0/gems/web-console-2.3.0/lib/web_console/templates/_prompt_box_markup.html.erb within layouts/inlined_string (0.3ms)
  Rendering /Users/grahamspencer/.rbenv/versions/2.5.1/lib/ruby/gems/2.5.0/gems/web-console-2.3.0/lib/web_console/templates/style.css.erb within layouts/inlined_string
  Rendered /Users/grahamspencer/.rbenv/versions/2.5.1/lib/ruby/gems/2.5.0/gems/web-console-2.3.0/lib/web_console/templates/style.css.erb within layouts/inlined_string (0.4ms)
DEPRECATION WARNING: Accessing mime types via constants is deprecated. Please change `Mime::WEB_CONSOLE_V2` to `Mime[:web_console_v2]`. (called from ___sers_grahamspencer__rbenv_versions_______lib_ruby_gems_______gems_web_console_______lib_web_console_templates_console_js_erb__871405468876161147_70237436962300 at /Users/grahamspencer/.rbenv/versions/2.5.1/lib/ruby/gems/2.5.0/gems/web-console-2.3.0/lib/web_console/templates/console.js.erb:491)
  Rendered /Users/grahamspencer/.rbenv/versions/2.5.1/lib/ruby/gems/2.5.0/gems/web-console-2.3.0/lib/web_console/templates/console.js.erb within layouts/javascript (85.8ms)
  Rendering /Users/grahamspencer/.rbenv/versions/2.5.1/lib/ruby/gems/2.5.0/gems/web-console-2.3.0/lib/web_console/templates/main.js.erb within layouts/javascript
  Rendered /Users/grahamspencer/.rbenv/versions/2.5.1/lib/ruby/gems/2.5.0/gems/web-console-2.3.0/lib/web_console/templates/main.js.erb within layouts/javascript (0.3ms)
  Rendering /Users/grahamspencer/.rbenv/versions/2.5.1/lib/ruby/gems/2.5.0/gems/web-console-2.3.0/lib/web_console/templates/error_page.js.erb within layouts/javascript
  Rendered /Users/grahamspencer/.rbenv/versions/2.5.1/lib/ruby/gems/2.5.0/gems/web-console-2.3.0/lib/web_console/templates/error_page.js.erb within layouts/javascript (0.4ms)
  Rendered /Users/grahamspencer/.rbenv/versions/2.5.1/lib/ruby/gems/2.5.0/gems/web-console-2.3.0/lib/web_console/templates/index.html.erb (195.5ms)
Started GET "/pictures/new" for ::1 at 2018-08-07 15:40:31 -0400
Processing by PicturesController#new as HTML
  Rendering pictures/new.html.erb within layouts/application
  Rendered pictures/new.html.erb within layouts/application (1.9ms)
Completed 200 OK in 23ms (Views: 16.1ms | ActiveRecord: 0.6ms)


Started POST "/pictures" for ::1 at 2018-08-07 15:40:36 -0400
Processing by PicturesController#create as HTML
  Parameters: {"utf8"=>"✓", "authenticity_token"=>"MoFNJtdw0TjSLwuFahIHVJlXSktnGjb1FSJAZjR/Cm+CduaLXmUCs9BowtOQaDyL482MLwkAirA4rRfZQKQwPA==", "picture"=>{"artist"=>"test", "title"=>"test", "url"=>"test"}, "commit"=>"Save"}
  [1m[35m (0.1ms)[0m  [1m[36mbegin transaction[0m
  [1m[35mSQL (0.4ms)[0m  [1m[32mINSERT INTO "pictures" ("artist", "title", "url", "created_at", "updated_at") VALUES (?, ?, ?, ?, ?)[0m  [["artist", "test"], ["title", "test"], ["url", "test"], ["created_at", 2018-08-07 19:40:36 UTC], ["updated_at", 2018-08-07 19:40:36 UTC]]
  [1m[35m (0.9ms)[0m  [1m[36mcommit transaction[0m
Redirected to http://localhost:3000/pictures
Completed 302 Found in 6ms (ActiveRecord: 1.3ms)


Started GET "/pictures" for ::1 at 2018-08-07 15:40:36 -0400
Processing by PicturesController#index as HTML
  Rendering pictures/index.html.erb within layouts/application
  [1m[36mPicture Load (0.1ms)[0m  [1m[34mSELECT "pictures".* FROM "pictures"[0m
  Rendered pictures/index.html.erb within layouts/application (1.1ms)
Completed 200 OK in 18ms (Views: 13.9ms | ActiveRecord: 0.1ms)


Started GET "/test" for ::1 at 2018-08-07 15:40:36 -0400
  
ActionController::RoutingError (No route matches [GET] "/test"):
  

  Rendering /Users/grahamspencer/.rbenv/versions/2.5.1/lib/ruby/gems/2.5.0/gems/actionpack-5.0.1/lib/action_dispatch/middleware/templates/rescues/routing_error.html.erb within rescues/layout
  Rendering /Users/grahamspencer/.rbenv/versions/2.5.1/lib/ruby/gems/2.5.0/gems/actionpack-5.0.1/lib/action_dispatch/middleware/templates/rescues/_trace.html.erb
  Rendered /Users/grahamspencer/.rbenv/versions/2.5.1/lib/ruby/gems/2.5.0/gems/actionpack-5.0.1/lib/action_dispatch/middleware/templates/rescues/_trace.html.erb (0.9ms)
  Rendered collection of /Users/grahamspencer/.rbenv/versions/2.5.1/lib/ruby/gems/2.5.0/gems/actionpack-5.0.1/lib/action_dispatch/middleware/templates/routes/_route.html.erb [4 times] (1.6ms)
  Rendered /Users/grahamspencer/.rbenv/versions/2.5.1/lib/ruby/gems/2.5.0/gems/actionpack-5.0.1/lib/action_dispatch/middleware/templates/routes/_table.html.erb (13.2ms)
  Rendering /Users/grahamspencer/.rbenv/versions/2.5.1/lib/ruby/gems/2.5.0/gems/actionpack-5.0.1/lib/action_dispatch/middleware/templates/rescues/_request_and_response.html.erb
  Rendered /Users/grahamspencer/.rbenv/versions/2.5.1/lib/ruby/gems/2.5.0/gems/actionpack-5.0.1/lib/action_dispatch/middleware/templates/rescues/_request_and_response.html.erb (0.8ms)
  Rendered /Users/grahamspencer/.rbenv/versions/2.5.1/lib/ruby/gems/2.5.0/gems/actionpack-5.0.1/lib/action_dispatch/middleware/templates/rescues/routing_error.html.erb within rescues/layout (191.4ms)
DEPRECATION WARNING: Accessing mime types via constants is deprecated. Please change `Mime::HTML` to `Mime[:html]`. (called from acceptable_content_type? at /Users/grahamspencer/.rbenv/versions/2.5.1/lib/ruby/gems/2.5.0/gems/web-console-2.3.0/lib/web_console/middleware.rb:58)
  Rendering /Users/grahamspencer/.rbenv/versions/2.5.1/lib/ruby/gems/2.5.0/gems/web-console-2.3.0/lib/web_console/templates/index.html.erb
  Rendered /Users/grahamspencer/.rbenv/versions/2.5.1/lib/ruby/gems/2.5.0/gems/web-console-2.3.0/lib/web_console/templates/_markup.html.erb (0.6ms)
  Rendering /Users/grahamspencer/.rbenv/versions/2.5.1/lib/ruby/gems/2.5.0/gems/web-console-2.3.0/lib/web_console/templates/console.js.erb within layouts/javascript
  Rendering /Users/grahamspencer/.rbenv/versions/2.5.1/lib/ruby/gems/2.5.0/gems/web-console-2.3.0/lib/web_console/templates/_inner_console_markup.html.erb within layouts/inlined_string
  Rendered /Users/grahamspencer/.rbenv/versions/2.5.1/lib/ruby/gems/2.5.0/gems/web-console-2.3.0/lib/web_console/templates/_inner_console_markup.html.erb within layouts/inlined_string (0.3ms)
  Rendering /Users/grahamspencer/.rbenv/versions/2.5.1/lib/ruby/gems/2.5.0/gems/web-console-2.3.0/lib/web_console/templates/_prompt_box_markup.html.erb within layouts/inlined_string
  Rendered /Users/grahamspencer/.rbenv/versions/2.5.1/lib/ruby/gems/2.5.0/gems/web-console-2.3.0/lib/web_console/templates/_prompt_box_markup.html.erb within layouts/inlined_string (0.2ms)
  Rendering /Users/grahamspencer/.rbenv/versions/2.5.1/lib/ruby/gems/2.5.0/gems/web-console-2.3.0/lib/web_console/templates/style.css.erb within layouts/inlined_string
  Rendered /Users/grahamspencer/.rbenv/versions/2.5.1/lib/ruby/gems/2.5.0/gems/web-console-2.3.0/lib/web_console/templates/style.css.erb within layouts/inlined_string (0.3ms)
DEPRECATION WARNING: Accessing mime types via constants is deprecated. Please change `Mime::WEB_CONSOLE_V2` to `Mime[:web_console_v2]`. (called from ___sers_grahamspencer__rbenv_versions_______lib_ruby_gems_______gems_web_console_______lib_web_console_templates_console_js_erb__871405468876161147_70237440504980 at /Users/grahamspencer/.rbenv/versions/2.5.1/lib/ruby/gems/2.5.0/gems/web-console-2.3.0/lib/web_console/templates/console.js.erb:491)
  Rendered /Users/grahamspencer/.rbenv/versions/2.5.1/lib/ruby/gems/2.5.0/gems/web-console-2.3.0/lib/web_console/templates/console.js.erb within layouts/javascript (88.9ms)
  Rendering /Users/grahamspencer/.rbenv/versions/2.5.1/lib/ruby/gems/2.5.0/gems/web-console-2.3.0/lib/web_console/templates/main.js.erb within layouts/javascript
  Rendered /Users/grahamspencer/.rbenv/versions/2.5.1/lib/ruby/gems/2.5.0/gems/web-console-2.3.0/lib/web_console/templates/main.js.erb within layouts/javascript (0.2ms)
  Rendering /Users/grahamspencer/.rbenv/versions/2.5.1/lib/ruby/gems/2.5.0/gems/web-console-2.3.0/lib/web_console/templates/error_page.js.erb within layouts/javascript
  Rendered /Users/grahamspencer/.rbenv/versions/2.5.1/lib/ruby/gems/2.5.0/gems/web-console-2.3.0/lib/web_console/templates/error_page.js.erb within layouts/javascript (0.3ms)
  Rendered /Users/grahamspencer/.rbenv/versions/2.5.1/lib/ruby/gems/2.5.0/gems/web-console-2.3.0/lib/web_console/templates/index.html.erb (200.8ms)
Started GET "/pictures/new" for ::1 at 2018-08-07 15:41:11 -0400
Processing by PicturesController#new as HTML
  Rendering pictures/new.html.erb within layouts/application
  Rendered pictures/new.html.erb within layouts/application (1.8ms)
Completed 200 OK in 22ms (Views: 13.8ms | ActiveRecord: 0.8ms)


Started POST "/pictures" for ::1 at 2018-08-07 15:41:27 -0400
Processing by PicturesController#create as HTML
  Parameters: {"utf8"=>"✓", "authenticity_token"=>"weaqfUNEP5CCkWHSXaF4iyWCM7H9ikZQaapYHS/e0TBxEQHQylHsG4DWqISn20NUXxj11ZOQ+hVEJQ+iWwXrYw==", "picture"=>{"artist"=>"Van Gogh", "title"=>"Starry Night", "url"=>"https://upload.wikimedia.org/wikipedia/commons/thumb/e/ea/Van_Gogh_-_Starry_Night_-_Google_Art_Project.jpg/1280px-Van_Gogh_-_Starry_Night_-_Google_Art_Project.jpg"}, "commit"=>"Save"}
  [1m[35m (0.1ms)[0m  [1m[36mbegin transaction[0m
  [1m[35mSQL (0.4ms)[0m  [1m[32mINSERT INTO "pictures" ("artist", "title", "url", "created_at", "updated_at") VALUES (?, ?, ?, ?, ?)[0m  [["artist", "Van Gogh"], ["title", "Starry Night"], ["url", "https://upload.wikimedia.org/wikipedia/commons/thumb/e/ea/Van_Gogh_-_Starry_Night_-_Google_Art_Project.jpg/1280px-Van_Gogh_-_Starry_Night_-_Google_Art_Project.jpg"], ["created_at", 2018-08-07 19:41:27 UTC], ["updated_at", 2018-08-07 19:41:27 UTC]]
  [1m[35m (1.1ms)[0m  [1m[36mcommit transaction[0m
Redirected to http://localhost:3000/pictures
Completed 302 Found in 4ms (ActiveRecord: 1.6ms)


Started GET "/pictures" for ::1 at 2018-08-07 15:41:27 -0400
Processing by PicturesController#index as HTML
  Rendering pictures/index.html.erb within layouts/application
  [1m[36mPicture Load (0.1ms)[0m  [1m[34mSELECT "pictures".* FROM "pictures"[0m
  Rendered pictures/index.html.erb within layouts/application (1.1ms)
Completed 200 OK in 16ms (Views: 14.2ms | ActiveRecord: 0.1ms)


Started GET "/test" for ::1 at 2018-08-07 15:41:27 -0400
  
ActionController::RoutingError (No route matches [GET] "/test"):
  

  Rendering /Users/grahamspencer/.rbenv/versions/2.5.1/lib/ruby/gems/2.5.0/gems/actionpack-5.0.1/lib/action_dispatch/middleware/templates/rescues/routing_error.html.erb within rescues/layout
  Rendering /Users/grahamspencer/.rbenv/versions/2.5.1/lib/ruby/gems/2.5.0/gems/actionpack-5.0.1/lib/action_dispatch/middleware/templates/rescues/_trace.html.erb
  Rendered /Users/grahamspencer/.rbenv/versions/2.5.1/lib/ruby/gems/2.5.0/gems/actionpack-5.0.1/lib/action_dispatch/middleware/templates/rescues/_trace.html.erb (0.8ms)
  Rendered collection of /Users/grahamspencer/.rbenv/versions/2.5.1/lib/ruby/gems/2.5.0/gems/actionpack-5.0.1/lib/action_dispatch/middleware/templates/routes/_route.html.erb [4 times] (1.3ms)
  Rendered /Users/grahamspencer/.rbenv/versions/2.5.1/lib/ruby/gems/2.5.0/gems/actionpack-5.0.1/lib/action_dispatch/middleware/templates/routes/_table.html.erb (0.8ms)
  Rendering /Users/grahamspencer/.rbenv/versions/2.5.1/lib/ruby/gems/2.5.0/gems/actionpack-5.0.1/lib/action_dispatch/middleware/templates/rescues/_request_and_response.html.erb
  Rendered /Users/grahamspencer/.rbenv/versions/2.5.1/lib/ruby/gems/2.5.0/gems/actionpack-5.0.1/lib/action_dispatch/middleware/templates/rescues/_request_and_response.html.erb (0.7ms)
  Rendered /Users/grahamspencer/.rbenv/versions/2.5.1/lib/ruby/gems/2.5.0/gems/actionpack-5.0.1/lib/action_dispatch/middleware/templates/rescues/routing_error.html.erb within rescues/layout (137.0ms)
DEPRECATION WARNING: Accessing mime types via constants is deprecated. Please change `Mime::HTML` to `Mime[:html]`. (called from acceptable_content_type? at /Users/grahamspencer/.rbenv/versions/2.5.1/lib/ruby/gems/2.5.0/gems/web-console-2.3.0/lib/web_console/middleware.rb:58)
  Rendering /Users/grahamspencer/.rbenv/versions/2.5.1/lib/ruby/gems/2.5.0/gems/web-console-2.3.0/lib/web_console/templates/index.html.erb
  Rendered /Users/grahamspencer/.rbenv/versions/2.5.1/lib/ruby/gems/2.5.0/gems/web-console-2.3.0/lib/web_console/templates/_markup.html.erb (0.3ms)
  Rendering /Users/grahamspencer/.rbenv/versions/2.5.1/lib/ruby/gems/2.5.0/gems/web-console-2.3.0/lib/web_console/templates/console.js.erb within layouts/javascript
  Rendering /Users/grahamspencer/.rbenv/versions/2.5.1/lib/ruby/gems/2.5.0/gems/web-console-2.3.0/lib/web_console/templates/_inner_console_markup.html.erb within layouts/inlined_string
  Rendered /Users/grahamspencer/.rbenv/versions/2.5.1/lib/ruby/gems/2.5.0/gems/web-console-2.3.0/lib/web_console/templates/_inner_console_markup.html.erb within layouts/inlined_string (0.3ms)
  Rendering /Users/grahamspencer/.rbenv/versions/2.5.1/lib/ruby/gems/2.5.0/gems/web-console-2.3.0/lib/web_console/templates/_prompt_box_markup.html.erb within layouts/inlined_string
  Rendered /Users/grahamspencer/.rbenv/versions/2.5.1/lib/ruby/gems/2.5.0/gems/web-console-2.3.0/lib/web_console/templates/_prompt_box_markup.html.erb within layouts/inlined_string (0.3ms)
  Rendering /Users/grahamspencer/.rbenv/versions/2.5.1/lib/ruby/gems/2.5.0/gems/web-console-2.3.0/lib/web_console/templates/style.css.erb within layouts/inlined_string
  Rendered /Users/grahamspencer/.rbenv/versions/2.5.1/lib/ruby/gems/2.5.0/gems/web-console-2.3.0/lib/web_console/templates/style.css.erb within layouts/inlined_string (0.3ms)
DEPRECATION WARNING: Accessing mime types via constants is deprecated. Please change `Mime::WEB_CONSOLE_V2` to `Mime[:web_console_v2]`. (called from ___sers_grahamspencer__rbenv_versions_______lib_ruby_gems_______gems_web_console_______lib_web_console_templates_console_js_erb__871405468876161147_70237471520740 at /Users/grahamspencer/.rbenv/versions/2.5.1/lib/ruby/gems/2.5.0/gems/web-console-2.3.0/lib/web_console/templates/console.js.erb:491)
  Rendered /Users/grahamspencer/.rbenv/versions/2.5.1/lib/ruby/gems/2.5.0/gems/web-console-2.3.0/lib/web_console/templates/console.js.erb within layouts/javascript (91.5ms)
  Rendering /Users/grahamspencer/.rbenv/versions/2.5.1/lib/ruby/gems/2.5.0/gems/web-console-2.3.0/lib/web_console/templates/main.js.erb within layouts/javascript
  Rendered /Users/grahamspencer/.rbenv/versions/2.5.1/lib/ruby/gems/2.5.0/gems/web-console-2.3.0/lib/web_console/templates/main.js.erb within layouts/javascript (0.3ms)
  Rendering /Users/grahamspencer/.rbenv/versions/2.5.1/lib/ruby/gems/2.5.0/gems/web-console-2.3.0/lib/web_console/templates/error_page.js.erb within layouts/javascript
  Rendered /Users/grahamspencer/.rbenv/versions/2.5.1/lib/ruby/gems/2.5.0/gems/web-console-2.3.0/lib/web_console/templates/error_page.js.erb within layouts/javascript (0.3ms)
  Rendered /Users/grahamspencer/.rbenv/versions/2.5.1/lib/ruby/gems/2.5.0/gems/web-console-2.3.0/lib/web_console/templates/index.html.erb (206.6ms)
Started GET "/" for ::1 at 2018-08-07 15:45:49 -0400
  [1m[36mActiveRecord::SchemaMigration Load (0.3ms)[0m  [1m[34mSELECT "schema_migrations".* FROM "schema_migrations"[0m
Processing by Rails::WelcomeController#index as HTML
  Parameters: {"internal"=>true}
  Rendering /Users/grahamspencer/.rbenv/versions/2.5.1/lib/ruby/gems/2.5.0/gems/railties-5.0.1/lib/rails/templates/rails/welcome/index.html.erb
  Rendered /Users/grahamspencer/.rbenv/versions/2.5.1/lib/ruby/gems/2.5.0/gems/railties-5.0.1/lib/rails/templates/rails/welcome/index.html.erb (3.8ms)
Completed 200 OK in 18ms (Views: 12.8ms | ActiveRecord: 0.0ms)


Started GET "/" for ::1 at 2018-08-07 15:46:42 -0400
Processing by PicturesController#index as HTML
  Rendering pictures/index.html.erb within layouts/application
  [1m[36mPicture Load (0.5ms)[0m  [1m[34mSELECT "pictures".* FROM "pictures"[0m
  Rendered pictures/index.html.erb within layouts/application (18.5ms)
Completed 200 OK in 208ms (Views: 196.4ms | ActiveRecord: 3.2ms)


Started GET "/test" for ::1 at 2018-08-07 15:46:42 -0400
  
ActionController::RoutingError (No route matches [GET] "/test"):
  

  Rendering /Users/grahamspencer/.rbenv/versions/2.5.1/lib/ruby/gems/2.5.0/gems/actionpack-5.0.1/lib/action_dispatch/middleware/templates/rescues/routing_error.html.erb within rescues/layout
  Rendering /Users/grahamspencer/.rbenv/versions/2.5.1/lib/ruby/gems/2.5.0/gems/actionpack-5.0.1/lib/action_dispatch/middleware/templates/rescues/_trace.html.erb
  Rendered /Users/grahamspencer/.rbenv/versions/2.5.1/lib/ruby/gems/2.5.0/gems/actionpack-5.0.1/lib/action_dispatch/middleware/templates/rescues/_trace.html.erb (1.1ms)
  Rendered collection of /Users/grahamspencer/.rbenv/versions/2.5.1/lib/ruby/gems/2.5.0/gems/actionpack-5.0.1/lib/action_dispatch/middleware/templates/routes/_route.html.erb [5 times] (1.8ms)
  Rendered /Users/grahamspencer/.rbenv/versions/2.5.1/lib/ruby/gems/2.5.0/gems/actionpack-5.0.1/lib/action_dispatch/middleware/templates/routes/_table.html.erb (9.4ms)
  Rendering /Users/grahamspencer/.rbenv/versions/2.5.1/lib/ruby/gems/2.5.0/gems/actionpack-5.0.1/lib/action_dispatch/middleware/templates/rescues/_request_and_response.html.erb
  Rendered /Users/grahamspencer/.rbenv/versions/2.5.1/lib/ruby/gems/2.5.0/gems/actionpack-5.0.1/lib/action_dispatch/middleware/templates/rescues/_request_and_response.html.erb (0.8ms)
  Rendered /Users/grahamspencer/.rbenv/versions/2.5.1/lib/ruby/gems/2.5.0/gems/actionpack-5.0.1/lib/action_dispatch/middleware/templates/rescues/routing_error.html.erb within rescues/layout (146.7ms)
DEPRECATION WARNING: Accessing mime types via constants is deprecated. Please change `Mime::HTML` to `Mime[:html]`. (called from acceptable_content_type? at /Users/grahamspencer/.rbenv/versions/2.5.1/lib/ruby/gems/2.5.0/gems/web-console-2.3.0/lib/web_console/middleware.rb:58)
  Rendering /Users/grahamspencer/.rbenv/versions/2.5.1/lib/ruby/gems/2.5.0/gems/web-console-2.3.0/lib/web_console/templates/index.html.erb
  Rendered /Users/grahamspencer/.rbenv/versions/2.5.1/lib/ruby/gems/2.5.0/gems/web-console-2.3.0/lib/web_console/templates/_markup.html.erb (0.3ms)
  Rendering /Users/grahamspencer/.rbenv/versions/2.5.1/lib/ruby/gems/2.5.0/gems/web-console-2.3.0/lib/web_console/templates/console.js.erb within layouts/javascript
  Rendering /Users/grahamspencer/.rbenv/versions/2.5.1/lib/ruby/gems/2.5.0/gems/web-console-2.3.0/lib/web_console/templates/_inner_console_markup.html.erb within layouts/inlined_string
  Rendered /Users/grahamspencer/.rbenv/versions/2.5.1/lib/ruby/gems/2.5.0/gems/web-console-2.3.0/lib/web_console/templates/_inner_console_markup.html.erb within layouts/inlined_string (0.3ms)
  Rendering /Users/grahamspencer/.rbenv/versions/2.5.1/lib/ruby/gems/2.5.0/gems/web-console-2.3.0/lib/web_console/templates/_prompt_box_markup.html.erb within layouts/inlined_string
  Rendered /Users/grahamspencer/.rbenv/versions/2.5.1/lib/ruby/gems/2.5.0/gems/web-console-2.3.0/lib/web_console/templates/_prompt_box_markup.html.erb within layouts/inlined_string (0.3ms)
  Rendering /Users/grahamspencer/.rbenv/versions/2.5.1/lib/ruby/gems/2.5.0/gems/web-console-2.3.0/lib/web_console/templates/style.css.erb within layouts/inlined_string
  Rendered /Users/grahamspencer/.rbenv/versions/2.5.1/lib/ruby/gems/2.5.0/gems/web-console-2.3.0/lib/web_console/templates/style.css.erb within layouts/inlined_string (0.4ms)
DEPRECATION WARNING: Accessing mime types via constants is deprecated. Please change `Mime::WEB_CONSOLE_V2` to `Mime[:web_console_v2]`. (called from ___sers_grahamspencer__rbenv_versions_______lib_ruby_gems_______gems_web_console_______lib_web_console_templates_console_js_erb___1310578471177052037_70100481985040 at /Users/grahamspencer/.rbenv/versions/2.5.1/lib/ruby/gems/2.5.0/gems/web-console-2.3.0/lib/web_console/templates/console.js.erb:491)
  Rendered /Users/grahamspencer/.rbenv/versions/2.5.1/lib/ruby/gems/2.5.0/gems/web-console-2.3.0/lib/web_console/templates/console.js.erb within layouts/javascript (105.5ms)
  Rendering /Users/grahamspencer/.rbenv/versions/2.5.1/lib/ruby/gems/2.5.0/gems/web-console-2.3.0/lib/web_console/templates/main.js.erb within layouts/javascript
  Rendered /Users/grahamspencer/.rbenv/versions/2.5.1/lib/ruby/gems/2.5.0/gems/web-console-2.3.0/lib/web_console/templates/main.js.erb within layouts/javascript (0.3ms)
  Rendering /Users/grahamspencer/.rbenv/versions/2.5.1/lib/ruby/gems/2.5.0/gems/web-console-2.3.0/lib/web_console/templates/error_page.js.erb within layouts/javascript
  Rendered /Users/grahamspencer/.rbenv/versions/2.5.1/lib/ruby/gems/2.5.0/gems/web-console-2.3.0/lib/web_console/templates/error_page.js.erb within layouts/javascript (0.3ms)
  Rendered /Users/grahamspencer/.rbenv/versions/2.5.1/lib/ruby/gems/2.5.0/gems/web-console-2.3.0/lib/web_console/templates/index.html.erb (247.1ms)
